2024-12-10 22:46:53 [JavaFX Application Thread] DEBUG: Parsing relationship: /xl/_rels/workbook.xml.rels
2024-12-10 22:46:53 [JavaFX Application Thread] DEBUG: Parsing relationship: /xl/worksheets/_rels/sheet1.xml.rels
2024-12-10 22:46:53 [JavaFX Application Thread] DEBUG: Parsing relationship: /_rels/.rels
2024-12-10 22:46:53 [JavaFX Application Thread] DEBUG: using default POIXMLDocumentPart for http://schemas.openxmlformats.org/officeDocument/2006/relationships/printerSettings
2024-12-10 22:46:53 [JavaFX Application Thread] INFO : Excel Ù‡ÈÎ ÛÒÔÂ¯ÌÓ Ó·‡·ÓÚ‡Ì
2024-12-10 22:46:53 [JavaFX Application Thread] DEBUG: Save core properties part
2024-12-10 22:46:53 [JavaFX Application Thread] DEBUG: Save content types part
2024-12-10 22:46:53 [JavaFX Application Thread] DEBUG: Save package relationships
2024-12-10 22:46:53 [JavaFX Application Thread] DEBUG: Save part 'docProps/app.xml'
2024-12-10 22:46:53 [JavaFX Application Thread] DEBUG: Save part 'docProps/core.xml'
2024-12-10 22:46:53 [JavaFX Application Thread] DEBUG: Save part 'xl/sharedStrings.xml'
2024-12-10 22:46:53 [JavaFX Application Thread] DEBUG: Save part 'xl/styles.xml'
2024-12-10 22:46:53 [JavaFX Application Thread] DEBUG: Save part 'xl/workbook.xml'
2024-12-10 22:46:53 [JavaFX Application Thread] DEBUG: Save part 'xl/worksheets/sheet1.xml'
2024-12-10 22:46:53 [JavaFX Application Thread] INFO : –ÂÁÛÎ¸Ú‡Ú˚ ÛÒÔÂ¯ÌÓ Á‡ÔËÒ‡Ì˚ ‚ Ù‡ÈÎ: analysis_results.xlsx
2024-12-10 22:46:53 [JavaFX Application Thread] DEBUG: Save content types part
2024-12-10 22:46:53 [JavaFX Application Thread] DEBUG: Save package relationships
2024-12-10 22:46:53 [JavaFX Application Thread] DEBUG: Save part 'docProps/app.xml'
2024-12-10 22:46:53 [JavaFX Application Thread] DEBUG: Save part 'docProps/core.xml'
2024-12-10 22:46:53 [JavaFX Application Thread] DEBUG: Save part 'xl/sharedStrings.xml'
2024-12-10 22:46:53 [JavaFX Application Thread] DEBUG: Save part 'xl/styles.xml'
2024-12-10 22:46:53 [JavaFX Application Thread] DEBUG: Save part 'xl/workbook.xml'
2024-12-10 22:46:53 [JavaFX Application Thread] DEBUG: Save part 'xl/worksheets/sheet1.xml'
2024-12-10 22:52:32 [JavaFX Application Thread] DEBUG: Parsing relationship: /xl/_rels/workbook.xml.rels
2024-12-10 22:52:32 [JavaFX Application Thread] DEBUG: Parsing relationship: /xl/worksheets/_rels/sheet1.xml.rels
2024-12-10 22:52:32 [JavaFX Application Thread] DEBUG: Parsing relationship: /_rels/.rels
2024-12-10 22:52:32 [JavaFX Application Thread] DEBUG: using default POIXMLDocumentPart for http://schemas.openxmlformats.org/officeDocument/2006/relationships/printerSettings
2024-12-10 22:52:46 [JavaFX Application Thread] DEBUG: Save core properties part
2024-12-10 22:52:46 [JavaFX Application Thread] DEBUG: Save content types part
2024-12-10 22:52:46 [JavaFX Application Thread] DEBUG: Save package relationships
2024-12-10 22:52:46 [JavaFX Application Thread] DEBUG: Save part 'docProps/app.xml'
2024-12-10 22:52:46 [JavaFX Application Thread] DEBUG: Save part 'docProps/core.xml'
2024-12-10 22:52:46 [JavaFX Application Thread] DEBUG: Save part 'xl/sharedStrings.xml'
2024-12-10 22:52:46 [JavaFX Application Thread] DEBUG: Save part 'xl/styles.xml'
2024-12-10 22:52:46 [JavaFX Application Thread] DEBUG: Save part 'xl/workbook.xml'
2024-12-10 22:52:46 [JavaFX Application Thread] DEBUG: Save part 'xl/worksheets/sheet1.xml'
2024-12-10 22:52:46 [JavaFX Application Thread] DEBUG: Save content types part
2024-12-10 22:52:46 [JavaFX Application Thread] DEBUG: Save package relationships
2024-12-10 22:52:46 [JavaFX Application Thread] DEBUG: Save part 'docProps/app.xml'
2024-12-10 22:52:46 [JavaFX Application Thread] DEBUG: Save part 'docProps/core.xml'
2024-12-10 22:52:46 [JavaFX Application Thread] DEBUG: Save part 'xl/sharedStrings.xml'
2024-12-10 22:52:46 [JavaFX Application Thread] DEBUG: Save part 'xl/styles.xml'
2024-12-10 22:52:46 [JavaFX Application Thread] DEBUG: Save part 'xl/workbook.xml'
2024-12-10 22:52:46 [JavaFX Application Thread] DEBUG: Save part 'xl/worksheets/sheet1.xml'
2024-12-10 22:54:06 [JavaFX Application Thread] DEBUG: Parsing relationship: /xl/_rels/workbook.xml.rels
2024-12-10 22:54:06 [JavaFX Application Thread] DEBUG: Parsing relationship: /xl/worksheets/_rels/sheet1.xml.rels
2024-12-10 22:54:06 [JavaFX Application Thread] DEBUG: Parsing relationship: /_rels/.rels
2024-12-10 22:54:06 [JavaFX Application Thread] DEBUG: using default POIXMLDocumentPart for http://schemas.openxmlformats.org/officeDocument/2006/relationships/printerSettings
2024-12-10 22:54:14 [JavaFX Application Thread] DEBUG: Save core properties part
2024-12-10 22:54:14 [JavaFX Application Thread] DEBUG: Save content types part
2024-12-10 22:54:14 [JavaFX Application Thread] DEBUG: Save package relationships
2024-12-10 22:54:14 [JavaFX Application Thread] DEBUG: Save part 'docProps/app.xml'
2024-12-10 22:54:14 [JavaFX Application Thread] DEBUG: Save part 'docProps/core.xml'
2024-12-10 22:54:14 [JavaFX Application Thread] DEBUG: Save part 'xl/sharedStrings.xml'
2024-12-10 22:54:14 [JavaFX Application Thread] DEBUG: Save part 'xl/styles.xml'
2024-12-10 22:54:14 [JavaFX Application Thread] DEBUG: Save part 'xl/workbook.xml'
2024-12-10 22:54:14 [JavaFX Application Thread] DEBUG: Save part 'xl/worksheets/sheet1.xml'
2024-12-10 22:54:14 [JavaFX Application Thread] DEBUG: Save content types part
2024-12-10 22:54:14 [JavaFX Application Thread] DEBUG: Save package relationships
2024-12-10 22:54:14 [JavaFX Application Thread] DEBUG: Save part 'docProps/app.xml'
2024-12-10 22:54:14 [JavaFX Application Thread] DEBUG: Save part 'docProps/core.xml'
2024-12-10 22:54:14 [JavaFX Application Thread] DEBUG: Save part 'xl/sharedStrings.xml'
2024-12-10 22:54:14 [JavaFX Application Thread] DEBUG: Save part 'xl/styles.xml'
2024-12-10 22:54:14 [JavaFX Application Thread] DEBUG: Save part 'xl/workbook.xml'
2024-12-10 22:54:14 [JavaFX Application Thread] DEBUG: Save part 'xl/worksheets/sheet1.xml'
2024-12-10 23:08:26 [JavaFX Application Thread] DEBUG: Parsing relationship: /xl/_rels/workbook.xml.rels
2024-12-10 23:08:26 [JavaFX Application Thread] DEBUG: Parsing relationship: /xl/worksheets/_rels/sheet1.xml.rels
2024-12-10 23:08:26 [JavaFX Application Thread] DEBUG: Parsing relationship: /_rels/.rels
2024-12-10 23:08:26 [JavaFX Application Thread] DEBUG: using default POIXMLDocumentPart for http://schemas.openxmlformats.org/officeDocument/2006/relationships/printerSettings
2024-12-10 23:08:45 [JavaFX Application Thread] DEBUG: Save core properties part
2024-12-10 23:08:45 [JavaFX Application Thread] DEBUG: Save content types part
2024-12-10 23:08:45 [JavaFX Application Thread] DEBUG: Save package relationships
2024-12-10 23:08:45 [JavaFX Application Thread] DEBUG: Save part 'docProps/core.xml'
2024-12-10 23:08:45 [JavaFX Application Thread] DEBUG: Save part 'xl/sharedStrings.xml'
2024-12-10 23:08:45 [JavaFX Application Thread] DEBUG: Save part 'xl/styles.xml'
2024-12-10 23:08:45 [JavaFX Application Thread] DEBUG: Save part 'xl/workbook.xml'
2024-12-10 23:08:45 [JavaFX Application Thread] DEBUG: Save part 'xl/worksheets/sheet1.xml'
2024-12-10 23:10:04 [JavaFX Application Thread] DEBUG: Parsing relationship: /xl/_rels/workbook.xml.rels
2024-12-10 23:10:04 [JavaFX Application Thread] DEBUG: Parsing relationship: /xl/worksheets/_rels/sheet1.xml.rels
2024-12-10 23:10:04 [JavaFX Application Thread] DEBUG: Parsing relationship: /_rels/.rels
2024-12-10 23:10:04 [JavaFX Application Thread] DEBUG: using default POIXMLDocumentPart for http://schemas.openxmlformats.org/officeDocument/2006/relationships/printerSettings
2024-12-10 23:10:07 [JavaFX Application Thread] DEBUG: Save core properties part
2024-12-10 23:10:07 [JavaFX Application Thread] DEBUG: Save content types part
2024-12-10 23:10:07 [JavaFX Application Thread] DEBUG: Save package relationships
2024-12-10 23:10:07 [JavaFX Application Thread] DEBUG: Save part 'docProps/app.xml'
2024-12-10 23:10:07 [JavaFX Application Thread] DEBUG: Save part 'docProps/core.xml'
2024-12-10 23:10:07 [JavaFX Application Thread] DEBUG: Save part 'xl/sharedStrings.xml'
2024-12-10 23:10:07 [JavaFX Application Thread] DEBUG: Save part 'xl/styles.xml'
2024-12-10 23:10:07 [JavaFX Application Thread] DEBUG: Save part 'xl/workbook.xml'
2024-12-10 23:10:07 [JavaFX Application Thread] DEBUG: Save part 'xl/worksheets/sheet1.xml'
2024-12-10 23:10:07 [JavaFX Application Thread] DEBUG: Save content types part
2024-12-10 23:10:07 [JavaFX Application Thread] DEBUG: Save package relationships
2024-12-10 23:10:07 [JavaFX Application Thread] DEBUG: Save part 'docProps/app.xml'
2024-12-10 23:10:07 [JavaFX Application Thread] DEBUG: Save part 'docProps/core.xml'
2024-12-10 23:10:07 [JavaFX Application Thread] DEBUG: Save part 'xl/sharedStrings.xml'
2024-12-10 23:10:07 [JavaFX Application Thread] DEBUG: Save part 'xl/styles.xml'
2024-12-10 23:10:07 [JavaFX Application Thread] DEBUG: Save part 'xl/workbook.xml'
2024-12-10 23:10:07 [JavaFX Application Thread] DEBUG: Save part 'xl/worksheets/sheet1.xml'
2024-12-10 23:15:38 [JavaFX Application Thread] DEBUG: Parsing relationship: /xl/_rels/workbook.xml.rels
2024-12-10 23:15:38 [JavaFX Application Thread] DEBUG: Parsing relationship: /xl/worksheets/_rels/sheet1.xml.rels
2024-12-10 23:15:38 [JavaFX Application Thread] DEBUG: Parsing relationship: /_rels/.rels
2024-12-10 23:15:38 [JavaFX Application Thread] DEBUG: using default POIXMLDocumentPart for http://schemas.openxmlformats.org/officeDocument/2006/relationships/printerSettings
2024-12-10 23:15:49 [JavaFX Application Thread] DEBUG: Save core properties part
2024-12-10 23:15:49 [JavaFX Application Thread] DEBUG: Save content types part
2024-12-10 23:15:49 [JavaFX Application Thread] DEBUG: Save package relationships
2024-12-10 23:15:49 [JavaFX Application Thread] DEBUG: Save part 'docProps/app.xml'
2024-12-10 23:15:49 [JavaFX Application Thread] DEBUG: Save part 'docProps/core.xml'
2024-12-10 23:15:49 [JavaFX Application Thread] DEBUG: Save part 'xl/sharedStrings.xml'
2024-12-10 23:15:49 [JavaFX Application Thread] DEBUG: Save part 'xl/styles.xml'
2024-12-10 23:15:49 [JavaFX Application Thread] DEBUG: Save part 'xl/workbook.xml'
2024-12-10 23:15:49 [JavaFX Application Thread] DEBUG: Save part 'xl/worksheets/sheet1.xml'
2024-12-10 23:15:49 [JavaFX Application Thread] DEBUG: Save content types part
2024-12-10 23:15:49 [JavaFX Application Thread] DEBUG: Save package relationships
2024-12-10 23:15:49 [JavaFX Application Thread] DEBUG: Save part 'docProps/app.xml'
2024-12-10 23:15:49 [JavaFX Application Thread] DEBUG: Save part 'docProps/core.xml'
2024-12-10 23:15:49 [JavaFX Application Thread] DEBUG: Save part 'xl/sharedStrings.xml'
2024-12-10 23:15:49 [JavaFX Application Thread] DEBUG: Save part 'xl/styles.xml'
2024-12-10 23:15:49 [JavaFX Application Thread] DEBUG: Save part 'xl/workbook.xml'
2024-12-10 23:15:49 [JavaFX Application Thread] DEBUG: Save part 'xl/worksheets/sheet1.xml'
2024-12-11 14:54:09 [JavaFX Application Thread] DEBUG: Parsing relationship: /xl/_rels/workbook.xml.rels
2024-12-11 14:54:09 [JavaFX Application Thread] DEBUG: Parsing relationship: /xl/worksheets/_rels/sheet1.xml.rels
2024-12-11 14:54:09 [JavaFX Application Thread] DEBUG: Parsing relationship: /_rels/.rels
2024-12-11 14:54:10 [JavaFX Application Thread] DEBUG: using default POIXMLDocumentPart for http://schemas.openxmlformats.org/officeDocument/2006/relationships/printerSettings
2024-12-11 14:54:10 [JavaFX Application Thread] INFO : Chart updated successfully
2024-12-11 14:54:10 [JavaFX Application Thread] INFO : File loaded successfully: C:\Users\XedRed\Downloads\excel\Students.xlsx
2024-12-11 14:54:20 [JavaFX Application Thread] DEBUG: Save core properties part
2024-12-11 14:54:20 [JavaFX Application Thread] DEBUG: Save content types part
2024-12-11 14:54:20 [JavaFX Application Thread] DEBUG: Save package relationships
2024-12-11 14:54:20 [JavaFX Application Thread] DEBUG: Save part 'docProps/app.xml'
2024-12-11 14:54:20 [JavaFX Application Thread] DEBUG: Save part 'docProps/core.xml'
2024-12-11 14:54:20 [JavaFX Application Thread] DEBUG: Save part 'xl/sharedStrings.xml'
2024-12-11 14:54:20 [JavaFX Application Thread] DEBUG: Save part 'xl/styles.xml'
2024-12-11 14:54:20 [JavaFX Application Thread] DEBUG: Save part 'xl/workbook.xml'
2024-12-11 14:54:20 [JavaFX Application Thread] DEBUG: Save part 'xl/worksheets/sheet1.xml'
2024-12-11 14:54:20 [JavaFX Application Thread] DEBUG: Save content types part
2024-12-11 14:54:20 [JavaFX Application Thread] DEBUG: Save package relationships
2024-12-11 14:54:20 [JavaFX Application Thread] DEBUG: Save part 'docProps/app.xml'
2024-12-11 14:54:20 [JavaFX Application Thread] DEBUG: Save part 'docProps/core.xml'
2024-12-11 14:54:20 [JavaFX Application Thread] DEBUG: Save part 'xl/sharedStrings.xml'
2024-12-11 14:54:20 [JavaFX Application Thread] DEBUG: Save part 'xl/styles.xml'
2024-12-11 14:54:20 [JavaFX Application Thread] DEBUG: Save part 'xl/workbook.xml'
2024-12-11 14:54:20 [JavaFX Application Thread] DEBUG: Save part 'xl/worksheets/sheet1.xml'
2024-12-11 14:54:22 [JavaFX Application Thread] INFO : Report generated successfully
2024-12-11 14:57:57 [JavaFX Application Thread] DEBUG: Parsing relationship: /xl/_rels/workbook.xml.rels
2024-12-11 14:57:57 [JavaFX Application Thread] DEBUG: Parsing relationship: /xl/worksheets/_rels/sheet1.xml.rels
2024-12-11 14:57:57 [JavaFX Application Thread] DEBUG: Parsing relationship: /_rels/.rels
2024-12-11 14:57:58 [JavaFX Application Thread] DEBUG: using default POIXMLDocumentPart for http://schemas.openxmlformats.org/officeDocument/2006/relationships/printerSettings
2024-12-11 14:57:58 [JavaFX Application Thread] INFO : –ì—Ä–∞—Ñ–∏–∫ –æ–±–Ω–æ–≤–ª—ë–Ω —É—Å–ø–µ—à–Ω–æ
2024-12-11 14:57:58 [JavaFX Application Thread] INFO : File loaded successfully: C:\Users\XedRed\Downloads\excel\Students.xlsx
2024-12-11 14:59:30 [JavaFX Application Thread] DEBUG: Parsing relationship: /xl/_rels/workbook.xml.rels
2024-12-11 14:59:30 [JavaFX Application Thread] DEBUG: Parsing relationship: /xl/worksheets/_rels/sheet1.xml.rels
2024-12-11 14:59:30 [JavaFX Application Thread] DEBUG: Parsing relationship: /_rels/.rels
2024-12-11 14:59:30 [JavaFX Application Thread] DEBUG: using default POIXMLDocumentPart for http://schemas.openxmlformats.org/officeDocument/2006/relationships/printerSettings
2024-12-11 14:59:30 [JavaFX Application Thread] INFO : –ì—Ä–∞—Ñ–∏–∫ –æ–±–Ω–æ–≤–ª—ë–Ω —É—Å–ø–µ—à–Ω–æ
2024-12-11 14:59:30 [JavaFX Application Thread] INFO : File loaded successfully: C:\Users\XedRed\Downloads\excel\Students.xlsx
2024-12-11 15:00:22 [JavaFX Application Thread] DEBUG: Parsing relationship: /xl/_rels/workbook.xml.rels
2024-12-11 15:00:22 [JavaFX Application Thread] DEBUG: Parsing relationship: /xl/worksheets/_rels/sheet1.xml.rels
2024-12-11 15:00:22 [JavaFX Application Thread] DEBUG: Parsing relationship: /_rels/.rels
2024-12-11 15:00:22 [JavaFX Application Thread] DEBUG: using default POIXMLDocumentPart for http://schemas.openxmlformats.org/officeDocument/2006/relationships/printerSettings
2024-12-11 15:00:22 [JavaFX Application Thread] INFO : –ì—Ä–∞—Ñ–∏–∫ –æ–±–Ω–æ–≤–ª—ë–Ω —É—Å–ø–µ—à–Ω–æ
2024-12-11 15:00:22 [JavaFX Application Thread] INFO : File loaded successfully: C:\Users\XedRed\Downloads\excel\Students.xlsx
2024-12-11 15:04:41 [JavaFX Application Thread] INFO : Chart initialized with initial data
2024-12-11 15:05:00 [JavaFX Application Thread] DEBUG: Parsing relationship: /xl/_rels/workbook.xml.rels
2024-12-11 15:05:00 [JavaFX Application Thread] DEBUG: Parsing relationship: /xl/worksheets/_rels/sheet1.xml.rels
2024-12-11 15:05:00 [JavaFX Application Thread] DEBUG: Parsing relationship: /_rels/.rels
2024-12-11 15:05:00 [JavaFX Application Thread] DEBUG: using default POIXMLDocumentPart for http://schemas.openxmlformats.org/officeDocument/2006/relationships/printerSettings
2024-12-11 15:05:01 [JavaFX Application Thread] INFO : Chart initialized with initial data
2024-12-11 15:05:01 [JavaFX Application Thread] INFO : File loaded successfully: C:\Users\XedRed\Downloads\excel\Students.xlsx
2024-12-11 15:05:08 [JavaFX Application Thread] DEBUG: Save core properties part
2024-12-11 15:05:08 [JavaFX Application Thread] DEBUG: Save content types part
2024-12-11 15:05:08 [JavaFX Application Thread] DEBUG: Save package relationships
2024-12-11 15:05:08 [JavaFX Application Thread] DEBUG: Save part 'docProps/app.xml'
2024-12-11 15:05:08 [JavaFX Application Thread] DEBUG: Save part 'docProps/core.xml'
2024-12-11 15:05:08 [JavaFX Application Thread] DEBUG: Save part 'xl/sharedStrings.xml'
2024-12-11 15:05:08 [JavaFX Application Thread] DEBUG: Save part 'xl/styles.xml'
2024-12-11 15:05:08 [JavaFX Application Thread] DEBUG: Save part 'xl/workbook.xml'
2024-12-11 15:05:08 [JavaFX Application Thread] DEBUG: Save part 'xl/worksheets/sheet1.xml'
2024-12-11 15:05:08 [JavaFX Application Thread] DEBUG: Save content types part
2024-12-11 15:05:08 [JavaFX Application Thread] DEBUG: Save package relationships
2024-12-11 15:05:08 [JavaFX Application Thread] DEBUG: Save part 'docProps/app.xml'
2024-12-11 15:05:08 [JavaFX Application Thread] DEBUG: Save part 'docProps/core.xml'
2024-12-11 15:05:08 [JavaFX Application Thread] DEBUG: Save part 'xl/sharedStrings.xml'
2024-12-11 15:05:08 [JavaFX Application Thread] DEBUG: Save part 'xl/styles.xml'
2024-12-11 15:05:08 [JavaFX Application Thread] DEBUG: Save part 'xl/workbook.xml'
2024-12-11 15:05:08 [JavaFX Application Thread] DEBUG: Save part 'xl/worksheets/sheet1.xml'
2024-12-11 15:05:11 [JavaFX Application Thread] INFO : Report generated successfully
2024-12-11 15:48:24 [JavaFX Application Thread] INFO : Chart initialized with initial data
2024-12-11 15:48:34 [JavaFX Application Thread] INFO : Chart initialized with initial data
